SF:lib\provider\tic_tac_toe_provider.dart
DA:18,1
DA:19,3
DA:20,2
DA:21,1
DA:22,1
DA:24,3
DA:25,1
DA:28,1
DA:32,1
DA:33,2
DA:34,2
DA:40,1
DA:41,2
DA:44,1
DA:46,1
DA:47,1
DA:48,1
DA:54,1
DA:55,1
DA:56,1
DA:57,1
DA:58,1
DA:59,1
DA:65,1
DA:66,2
DA:67,1
DA:68,1
DA:75,1
DA:76,1
DA:77,6
DA:81,1
DA:82,6
DA:86,1
DA:87,6
DA:98,1
DA:99,1
DA:100,6
DA:104,1
DA:105,6
DA:109,1
DA:110,6
DA:120,1
DA:121,1
DA:122,6
DA:126,1
DA:127,6
LF:46
LH:46
end_of_record
SF:lib\main.dart
DA:5,0
DA:6,0
DA:10,1
DA:12,0
DA:14,0
DA:15,0
DA:16,0
DA:17,0
DA:26,1
DA:28,0
DA:30,0
DA:33,0
DA:34,0
DA:35,0
DA:36,0
DA:39,0
DA:44,0
DA:45,0
DA:46,0
DA:47,0
DA:51,0
DA:53,0
DA:56,0
DA:57,0
DA:58,0
DA:60,0
DA:61,0
DA:62,0
DA:75,0
DA:76,0
DA:78,0
DA:79,0
DA:80,0
DA:81,0
DA:82,0
DA:83,0
LF:36
LH:2
end_of_record
