SF:lib\provider\tic_tac_toe_provider.dart
DA:18,1
DA:19,3
DA:20,2
DA:21,1
DA:22,1
DA:24,3
DA:25,1
DA:28,1
DA:32,2
DA:33,4
DA:34,2
DA:40,1
DA:41,2
DA:44,1
DA:46,1
DA:47,1
DA:48,1
DA:54,1
DA:55,1
DA:56,1
DA:57,1
DA:58,1
DA:59,1
DA:65,1
DA:66,2
DA:67,1
DA:68,1
DA:75,1
DA:76,1
DA:77,6
DA:81,1
DA:82,6
DA:86,1
DA:87,6
DA:98,1
DA:99,1
DA:100,6
DA:104,1
DA:105,6
DA:109,1
DA:110,6
DA:120,1
DA:121,1
DA:122,6
DA:126,1
DA:127,6
LF:46
LH:46
end_of_record
SF:lib\main.dart
DA:5,0
DA:6,0
DA:10,2
DA:12,1
DA:14,1
DA:15,1
DA:16,1
DA:17,2
DA:26,2
DA:28,0
DA:30,1
DA:33,1
DA:34,1
DA:35,1
DA:36,1
DA:39,1
DA:44,2
DA:45,2
DA:46,1
DA:47,2
DA:48,1
DA:51,1
DA:53,1
DA:56,1
DA:57,1
DA:58,1
DA:60,1
DA:61,1
DA:62,1
DA:75,1
DA:76,1
DA:78,2
DA:79,1
DA:80,1
DA:81,1
DA:82,0
DA:83,0
LF:37
LH:32
end_of_record
